[35m[Appium][39m Welcome to Appium v2.4.1
[35m[Appium][39m Non-default server args:
[35m[Appium][39m { basePath: [32m'/wd/hub'[39m, loglevel: [32m'info'[39m, port: [33m65408[39m }
[35m[Appium][39m Attempting to load driver uiautomator2...
[35m[Appium][39m Appium REST http interface listener started on http://0.0.0.0:65408/wd/hub
[35m[Appium][39m You can provide the following URLs in your client code to connect to this server:
[35m[Appium][39m 	http://192.168.100.19:65408/wd/hub
[35m[Appium][39m 	http://127.0.0.1:65408/wd/hub (only accessible from the same host)
[35m[Appium][39m Available drivers:
[35m[Appium][39m   - uiautomator2@2.43.2 (automationName 'UiAutomator2')
[35m[Appium][39m No plugins have been installed. Use the "appium plugin" command to install the one(s) you want to use.
[38;5;0m[HTTP][0m [37m-->[39m [37mGET[39m [37m/wd/hub/status[39m
[38;5;0m[HTTP][0m [90m{}[39m
[38;5;0m[HTTP][0m [37m<-- GET /wd/hub/status [39m[32m200[39m [90m9 ms - 110[39m
[38;5;0m[HTTP][0m [90m[39m
[38;5;0m[HTTP][0m [37m-->[39m [37mGET[39m [37m/wd/hub/status[39m
[38;5;0m[HTTP][0m [90m{}[39m
[38;5;0m[HTTP][0m [37m<-- GET /wd/hub/status [39m[32m200[39m [90m1 ms - 110[39m
[38;5;0m[HTTP][0m [90m[39m
[38;5;0m[HTTP][0m [37m-->[39m [37mPOST[39m [37m/wd/hub/session[39m
[38;5;0m[HTTP][0m [90m{"desiredCapabilities":{"appium:systemPort":8253,"appium:udid":"UW5P4HIRY9ONNRJF","appium:autoGrantPermissions":true,"appium:newCommandTimeout":1800,"appium:platformName":"ANDROID","appium:appActivity":".Settings","appium:deviceName":"Xiaomi 2306EPN60G (Android 13)","platformName":"Android","appium:automationName":"uiautomator2","appium:platformVersion":"13","appium:appPackage":"com.android.settings"},"capabilities":{"firstMatch":[{"appium:appActivity":".Settings","appium:appPackage":"com.android.settings","appium:autoGrantPermissions":true,"appium:automationName":"uiautomator2","appium:deviceName":"Xiaomi 2306EPN60G (Android 13)","appium:newCommandTimeout":1800,"appium:platformName":"ANDROID","appium:platformVersion":"13","appium:systemPort":8253,"appium:udid":"UW5P4HIRY9ONNRJF","platformName":"android"}]}}[39m
[38;5;32m[BaseDriver][0m Ignoring capability 'appium:platformName=ANDROID' and using capability 'platformName=android'
[38;5;32m[BaseDriver][0m The capabilities ["platformName"] are standard capabilities and do not require "appium:" prefix
[35m[Appium][39m Attempting to find matching driver for automationName 'uiautomator2' and platformName 'android'
[35m[Appium][39m The 'uiautomator2' driver was installed and matched caps.
[35m[Appium][39m Will require it at C:\Users\HP\.appium\node_modules\appium-uiautomator2-driver
[38;5;16m[AppiumDriver@5665][0m Appium v2.4.1 creating new AndroidUiautomator2Driver (v2.43.2) session
[38;5;16m[AppiumDriver@5665][0m Checking BaseDriver versions for Appium and AndroidUiautomator2Driver
[38;5;16m[AppiumDriver@5665][0m Appium's BaseDriver version is 9.5.0
[38;5;16m[AppiumDriver@5665][0m AndroidUiautomator2Driver's BaseDriver version is 9.5.0
[38;5;48m[AndroidUiautomator2Driver@b859 (87acfea7)][0m Session created with session id: 87acfea7-581b-429a-a07c-135fe8355233
[38;5;48m[AndroidUiautomator2Driver@b859 (87acfea7)][0m Starting 'com.android.settings' directly on the device
[38;5;64m[ADB][0m Found 1 'build-tools' folders under 'C:\Users\HP\.katalon\tools\android_sdk' (newest first):
[38;5;64m[ADB][0m     C:\Users\HP\.katalon\tools\android_sdk\build-tools\29.0.3
[38;5;64m[ADB][0m Using 'adb.exe' from 'C:\Users\HP\.katalon\tools\android_sdk\platform-tools\adb.exe'
[38;5;48m[AndroidUiautomator2Driver@b859 (87acfea7)][0m Retrieving device list
[38;5;48m[AndroidUiautomator2Driver@b859 (87acfea7)][0m Using device: UW5P4HIRY9ONNRJF
[38;5;64m[ADB][0m Using 'adb.exe' from 'C:\Users\HP\.katalon\tools\android_sdk\platform-tools\adb.exe'
[38;5;64m[ADB][0m Getting device platform version
[38;5;48m[AndroidUiautomator2Driver@b859 (87acfea7)][0m Relaxing hidden api policy
[38;5;48m[AndroidUiautomator2Driver@b859 (87acfea7)][0m No app sent in, not parsing package/activity
[38;5;64m[ADB][0m Using 'apksigner.jar' from 'C:\Users\HP\.katalon\tools\android_sdk\build-tools\29.0.3\lib\apksigner.jar'
[38;5;64m[ADB][0m 'C:\Users\HP\.appium\node_modules\appium-uiautomator2-driver\node_modules\appium-uiautomator2-server\apks\appium-uiautomator2-server-debug-androidTest.apk' is signed with the default certificate
[38;5;64m[ADB][0m 'C:\Users\HP\.appium\node_modules\appium-uiautomator2-driver\node_modules\appium-uiautomator2-server\apks\appium-uiautomator2-server-v6.0.6.apk' is signed with the default certificate
[38;5;48m[AndroidUiautomator2Driver@b859 (87acfea7)][0m Server packages are not going to be (re)installed
[38;5;64m[ADB][0m Adding packages ["io.appium.settings","io.appium.uiautomator2.server","io.appium.uiautomator2.server.test"] to Doze whitelist
[38;5;48m[AndroidUiautomator2Driver@b859 (87acfea7)][0m Starting UIAutomator2 server 6.0.6
[38;5;48m[AndroidUiautomator2Driver@b859 (87acfea7)][0m Using UIAutomator2 server from 'C:\Users\HP\.appium\node_modules\appium-uiautomator2-driver\node_modules\appium-uiautomator2-server\apks\appium-uiautomator2-server-v6.0.6.apk' and test from 'C:\Users\HP\.appium\node_modules\appium-uiautomator2-driver\node_modules\appium-uiautomator2-server\apks\appium-uiautomator2-server-debug-androidTest.apk'
[38;5;48m[AndroidUiautomator2Driver@b859 (87acfea7)][0m Waiting up to 30000ms for UiAutomator2 to be online...
[38;5;48m[AndroidUiautomator2Driver@b859 (87acfea7)][0m socket hang up
[38;5;48m[AndroidUiautomator2Driver@b859 (87acfea7)][0m socket hang up
[38;5;48m[AndroidUiautomator2Driver@b859 (87acfea7)][0m Determined the downstream protocol as 'W3C'
[38;5;48m[AndroidUiautomator2Driver@b859 (87acfea7)][0m Screen already unlocked, doing nothing
[38;5;48m[AndroidUiautomator2Driver@b859 (87acfea7)][0m Starting 'com.android.settings/.Settings and waiting for 'com.android.settings/.Settings'
[38;5;16m[AppiumDriver@5665][0m New AndroidUiautomator2Driver session created successfully, session 87acfea7-581b-429a-a07c-135fe8355233 added to master session list
[38;5;0m[HTTP][0m [37m<-- POST /wd/hub/session [39m[32m200[39m [90m6830 ms - 1105[39m
[38;5;0m[HTTP][0m [90m[39m
[38;5;0m[HTTP][0m [37m-->[39m [37mGET[39m [37m/wd/hub/session/87acfea7-581b-429a-a07c-135fe8355233[39m
[38;5;0m[HTTP][0m [90m{}[39m
[38;5;0m[HTTP][0m [37m<-- GET /wd/hub/session/87acfea7-581b-429a-a07c-135fe8355233 [39m[32m200[39m [90m17 ms - 318[39m
[38;5;0m[HTTP][0m [90m[39m
[38;5;0m[HTTP][0m [37m-->[39m [37mGET[39m [37m/wd/hub/session/87acfea7-581b-429a-a07c-135fe8355233[39m
[38;5;0m[HTTP][0m [90m{}[39m
[38;5;0m[HTTP][0m [37m<-- GET /wd/hub/session/87acfea7-581b-429a-a07c-135fe8355233 [39m[32m200[39m [90m13 ms - 318[39m
[38;5;0m[HTTP][0m [90m[39m
[38;5;0m[HTTP][0m [37m-->[39m [37mGET[39m [37m/wd/hub/status[39m
[38;5;0m[HTTP][0m [90m{}[39m
[38;5;0m[HTTP][0m [37m<-- GET /wd/hub/status [39m[32m200[39m [90m1 ms - 110[39m
[38;5;0m[HTTP][0m [90m[39m
[38;5;0m[HTTP][0m [37m-->[39m [37mPOST[39m [37m/wd/hub/session/87acfea7-581b-429a-a07c-135fe8355233/timeouts[39m
[38;5;0m[HTTP][0m [90m{"implicit":60000}[39m
[38;5;0m[HTTP][0m [37m<-- POST /wd/hub/session/87acfea7-581b-429a-a07c-135fe8355233/timeouts [39m[32m200[39m [90m2 ms - 14[39m
[38;5;0m[HTTP][0m [90m[39m
[38;5;0m[HTTP][0m [37m-->[39m [37mGET[39m [37m/wd/hub/session/87acfea7-581b-429a-a07c-135fe8355233/appium/device/system_bars[39m
[38;5;0m[HTTP][0m [90m{}[39m
[38;5;0m[HTTP][0m [37m<-- GET /wd/hub/session/87acfea7-581b-429a-a07c-135fe8355233/appium/device/system_bars [39m[32m200[39m [90m60 ms - 151[39m
[38;5;0m[HTTP][0m [90m[39m
[38;5;0m[HTTP][0m [37m-->[39m [37mPOST[39m [37m/wd/hub/session/87acfea7-581b-429a-a07c-135fe8355233/appium/device/activate_app[39m
[38;5;0m[HTTP][0m [90m{"bundleId":"com.wdiodemoapp"}[39m
[38;5;0m[HTTP][0m [37m<-- POST /wd/hub/session/87acfea7-581b-429a-a07c-135fe8355233/appium/device/activate_app [39m[32m200[39m [90m111 ms - 14[39m
[38;5;0m[HTTP][0m [90m[39m
[38;5;0m[HTTP][0m [37m-->[39m [37mGET[39m [37m/wd/hub/session/87acfea7-581b-429a-a07c-135fe8355233/source[39m
[38;5;0m[HTTP][0m [90m{}[39m
[38;5;48m[AndroidUiautomator2Driver@b859 (87acfea7)][0m Driver proxy active, passing request on via HTTP proxy
[38;5;48m[AndroidUiautomator2Driver@b859 (87acfea7)][0m Replacing sessionId 876ca547-5fdc-4545-8705-121d3f21fe4e with 87acfea7-581b-429a-a07c-135fe8355233
[38;5;0m[HTTP][0m [37m<-- GET /wd/hub/session/87acfea7-581b-429a-a07c-135fe8355233/source [39m[32m200[39m [90m534 ms - 18869[39m
[38;5;0m[HTTP][0m [90m[39m
[38;5;0m[HTTP][0m [37m-->[39m [37mGET[39m [37m/wd/hub/session/87acfea7-581b-429a-a07c-135fe8355233/screenshot[39m
[38;5;0m[HTTP][0m [90m{}[39m
[38;5;0m[HTTP][0m [37m<-- GET /wd/hub/session/87acfea7-581b-429a-a07c-135fe8355233/screenshot [39m[32m200[39m [90m275 ms - 96028[39m
[38;5;0m[HTTP][0m [90m[39m
[38;5;0m[HTTP][0m [37m-->[39m [37mGET[39m [37m/wd/hub/session/87acfea7-581b-429a-a07c-135fe8355233/contexts[39m
[38;5;0m[HTTP][0m [90m{}[39m
[38;5;0m[HTTP][0m [37m<-- GET /wd/hub/session/87acfea7-581b-429a-a07c-135fe8355233/contexts [39m[32m200[39m [90m275 ms - 24[39m
[38;5;0m[HTTP][0m [90m[39m
[38;5;0m[HTTP][0m [37m-->[39m [37mPOST[39m [37m/wd/hub/session/87acfea7-581b-429a-a07c-135fe8355233/context[39m
[38;5;0m[HTTP][0m [90m{"name":"NATIVE_APP"}[39m
[38;5;0m[HTTP][0m [37m<-- POST /wd/hub/session/87acfea7-581b-429a-a07c-135fe8355233/context [39m[32m200[39m [90m3 ms - 14[39m
[38;5;0m[HTTP][0m [90m[39m
[38;5;0m[HTTP][0m [37m-->[39m [37mGET[39m [37m/wd/hub/session/87acfea7-581b-429a-a07c-135fe8355233/source[39m
[38;5;0m[HTTP][0m [90m{}[39m
[38;5;48m[AndroidUiautomator2Driver@b859 (87acfea7)][0m Driver proxy active, passing request on via HTTP proxy
[38;5;48m[AndroidUiautomator2Driver@b859 (87acfea7)][0m Replacing sessionId 876ca547-5fdc-4545-8705-121d3f21fe4e with 87acfea7-581b-429a-a07c-135fe8355233
[38;5;0m[HTTP][0m [37m<-- GET /wd/hub/session/87acfea7-581b-429a-a07c-135fe8355233/source [39m[32m200[39m [90m237 ms - 17653[39m
[38;5;0m[HTTP][0m [90m[39m
[38;5;0m[HTTP][0m [37m-->[39m [37mGET[39m [37m/wd/hub/session/87acfea7-581b-429a-a07c-135fe8355233/screenshot[39m
[38;5;0m[HTTP][0m [90m{}[39m
[38;5;0m[HTTP][0m [37m<-- GET /wd/hub/session/87acfea7-581b-429a-a07c-135fe8355233/screenshot [39m[32m200[39m [90m461 ms - 255932[39m
[38;5;0m[HTTP][0m [90m[39m
[38;5;0m[HTTP][0m [37m-->[39m [37mPOST[39m [37m/wd/hub/session/87acfea7-581b-429a-a07c-135fe8355233/elements[39m
[38;5;0m[HTTP][0m [90m{"using":"xpath","value":"//*[@class = 'android.widget.TextView' and (@text = '󰍂' or . = '󰍂')]"}[39m
[38;5;0m[HTTP][0m [37m<-- POST /wd/hub/session/87acfea7-581b-429a-a07c-135fe8355233/elements [39m[32m200[39m [90m754 ms - 139[39m
[38;5;0m[HTTP][0m [90m[39m
[38;5;0m[HTTP][0m [37m-->[39m [37mGET[39m [37m/wd/hub/session/87acfea7-581b-429a-a07c-135fe8355233/window/rect[39m
[38;5;0m[HTTP][0m [90m{}[39m
[38;5;0m[HTTP][0m [37m<-- GET /wd/hub/session/87acfea7-581b-429a-a07c-135fe8355233/window/rect [39m[32m200[39m [90m9 ms - 50[39m
[38;5;0m[HTTP][0m [90m[39m
[38;5;0m[HTTP][0m [37m-->[39m [37mPOST[39m [37m/wd/hub/session/87acfea7-581b-429a-a07c-135fe8355233/elements[39m
[38;5;0m[HTTP][0m [90m{"using":"xpath","value":"//*[@class = 'android.widget.TextView' and (@text = '󰍂' or . = '󰍂')]"}[39m
[38;5;0m[HTTP][0m [37m<-- POST /wd/hub/session/87acfea7-581b-429a-a07c-135fe8355233/elements [39m[32m200[39m [90m178 ms - 139[39m
[38;5;0m[HTTP][0m [90m[39m
[38;5;0m[HTTP][0m [37m-->[39m [37mGET[39m [37m/wd/hub/session/87acfea7-581b-429a-a07c-135fe8355233/element/00000000-0000-01a7-ffff-ffff00000032/location[39m
[38;5;0m[HTTP][0m [90m{}[39m
[38;5;48m[AndroidUiautomator2Driver@b859 (87acfea7)][0m Driver proxy active, passing request on via HTTP proxy
[38;5;48m[AndroidUiautomator2Driver@b859 (87acfea7)][0m Replacing sessionId 876ca547-5fdc-4545-8705-121d3f21fe4e with 87acfea7-581b-429a-a07c-135fe8355233
[38;5;0m[HTTP][0m [37m<-- GET /wd/hub/session/87acfea7-581b-429a-a07c-135fe8355233/element/00000000-0000-01a7-ffff-ffff00000032/location [39m[32m200[39m [90m402 ms - 79[39m
[38;5;0m[HTTP][0m [90m[39m
[38;5;0m[HTTP][0m [37m-->[39m [37mPOST[39m [37m/wd/hub/session/87acfea7-581b-429a-a07c-135fe8355233/element/00000000-0000-01a7-ffff-ffff00000032/click[39m
[38;5;0m[HTTP][0m [90m{"id":"00000000-0000-01a7-ffff-ffff00000032"}[39m
[38;5;0m[HTTP][0m [37m<-- POST /wd/hub/session/87acfea7-581b-429a-a07c-135fe8355233/element/00000000-0000-01a7-ffff-ffff00000032/click [39m[32m200[39m [90m66 ms - 14[39m
[38;5;0m[HTTP][0m [90m[39m
[38;5;0m[HTTP][0m [37m-->[39m [37mGET[39m [37m/wd/hub/session/87acfea7-581b-429a-a07c-135fe8355233/source[39m
[38;5;0m[HTTP][0m [90m{}[39m
[38;5;48m[AndroidUiautomator2Driver@b859 (87acfea7)][0m Driver proxy active, passing request on via HTTP proxy
[38;5;48m[AndroidUiautomator2Driver@b859 (87acfea7)][0m Replacing sessionId 876ca547-5fdc-4545-8705-121d3f21fe4e with 87acfea7-581b-429a-a07c-135fe8355233
[38;5;0m[HTTP][0m [37m<-- GET /wd/hub/session/87acfea7-581b-429a-a07c-135fe8355233/source [39m[32m200[39m [90m358 ms - 27269[39m
[38;5;0m[HTTP][0m [90m[39m
[38;5;0m[HTTP][0m [37m-->[39m [37mGET[39m [37m/wd/hub/session/87acfea7-581b-429a-a07c-135fe8355233/screenshot[39m
[38;5;0m[HTTP][0m [90m{}[39m
[38;5;0m[HTTP][0m [37m<-- GET /wd/hub/session/87acfea7-581b-429a-a07c-135fe8355233/screenshot [39m[32m200[39m [90m370 ms - 211796[39m
[38;5;0m[HTTP][0m [90m[39m
[38;5;0m[HTTP][0m [37m-->[39m [37mPOST[39m [37m/wd/hub/session/87acfea7-581b-429a-a07c-135fe8355233/elements[39m
[38;5;0m[HTTP][0m [90m{"using":"xpath","value":"//*[@class = 'android.view.ViewGroup' and (@text = '' or . = '')]"}[39m
[38;5;0m[HTTP][0m [37m<-- POST /wd/hub/session/87acfea7-581b-429a-a07c-135fe8355233/elements [39m[32m200[39m [90m344 ms - 3083[39m
[38;5;0m[HTTP][0m [90m[39m
[38;5;0m[HTTP][0m [37m-->[39m [37mPOST[39m [37m/wd/hub/session/87acfea7-581b-429a-a07c-135fe8355233/elements[39m
[38;5;0m[HTTP][0m [90m{"using":"-android uiautomator","value":"new UiSelector().className(\"android.view.ViewGroup\")"}[39m
[38;5;0m[HTTP][0m [37m<-- POST /wd/hub/session/87acfea7-581b-429a-a07c-135fe8355233/elements [39m[32m200[39m [90m1035 ms - 3083[39m
[38;5;0m[HTTP][0m [90m[39m
[38;5;0m[HTTP][0m [37m-->[39m [37mGET[39m [37m/wd/hub/session/87acfea7-581b-429a-a07c-135fe8355233/window/rect[39m
[38;5;0m[HTTP][0m [90m{}[39m
[38;5;0m[HTTP][0m [37m<-- GET /wd/hub/session/87acfea7-581b-429a-a07c-135fe8355233/window/rect [39m[32m200[39m [90m18 ms - 50[39m
[38;5;0m[HTTP][0m [90m[39m
[38;5;0m[HTTP][0m [37m-->[39m [37mPOST[39m [37m/wd/hub/session/87acfea7-581b-429a-a07c-135fe8355233/elements[39m
[38;5;0m[HTTP][0m [90m{"using":"xpath","value":"//hierarchy/android.widget.FrameLayout[1]/android.widget.LinearLayout[1]/android.widget.FrameLayout[1]/android.widget.LinearLayout[1]/android.widget.FrameLayout[1]/android.widget.FrameLayout[1]/android.view.ViewGroup[1]/android.view.ViewGroup[1]/android.view.ViewGroup[1]/android.widget.FrameLayout[1]/android.view.ViewGroup[1]/android.view.ViewGroup[1]/android.widget.ScrollView[1]/android.view.ViewGroup[1]/android.view.ViewGroup[1]/android.view.ViewGroup[4]/android.view.ViewGroup[4]/android.view.ViewGroup[1]"}[39m
[38;5;0m[HTTP][0m [37m<-- POST /wd/hub/session/87acfea7-581b-429a-a07c-135fe8355233/elements [39m[32m200[39m [90m236 ms - 139[39m
[38;5;0m[HTTP][0m [90m[39m
[38;5;0m[HTTP][0m [37m-->[39m [37mGET[39m [37m/wd/hub/session/87acfea7-581b-429a-a07c-135fe8355233/element/00000000-0000-01a7-ffff-ffff00000064/location[39m
[38;5;0m[HTTP][0m [90m{}[39m
[38;5;48m[AndroidUiautomator2Driver@b859 (87acfea7)][0m Driver proxy active, passing request on via HTTP proxy
[38;5;48m[AndroidUiautomator2Driver@b859 (87acfea7)][0m Replacing sessionId 876ca547-5fdc-4545-8705-121d3f21fe4e with 87acfea7-581b-429a-a07c-135fe8355233
[38;5;0m[HTTP][0m [37m<-- GET /wd/hub/session/87acfea7-581b-429a-a07c-135fe8355233/element/00000000-0000-01a7-ffff-ffff00000064/location [39m[32m200[39m [90m21 ms - 79[39m
[38;5;0m[HTTP][0m [90m[39m
[38;5;0m[HTTP][0m [37m-->[39m [37mPOST[39m [37m/wd/hub/session/87acfea7-581b-429a-a07c-135fe8355233/element/00000000-0000-01a7-ffff-ffff00000064/click[39m
[38;5;0m[HTTP][0m [90m{"id":"00000000-0000-01a7-ffff-ffff00000064"}[39m
[38;5;0m[HTTP][0m [37m<-- POST /wd/hub/session/87acfea7-581b-429a-a07c-135fe8355233/element/00000000-0000-01a7-ffff-ffff00000064/click [39m[32m200[39m [90m49 ms - 14[39m
[38;5;0m[HTTP][0m [90m[39m
[38;5;0m[HTTP][0m [37m-->[39m [37mGET[39m [37m/wd/hub/session/87acfea7-581b-429a-a07c-135fe8355233/source[39m
[38;5;0m[HTTP][0m [90m{}[39m
[38;5;48m[AndroidUiautomator2Driver@b859 (87acfea7)][0m Driver proxy active, passing request on via HTTP proxy
[38;5;48m[AndroidUiautomator2Driver@b859 (87acfea7)][0m Replacing sessionId 876ca547-5fdc-4545-8705-121d3f21fe4e with 87acfea7-581b-429a-a07c-135fe8355233
[38;5;0m[HTTP][0m [37m<-- GET /wd/hub/session/87acfea7-581b-429a-a07c-135fe8355233/source [39m[32m200[39m [90m556 ms - 27337[39m
[38;5;0m[HTTP][0m [90m[39m
[38;5;0m[HTTP][0m [37m-->[39m [37mGET[39m [37m/wd/hub/session/87acfea7-581b-429a-a07c-135fe8355233/screenshot[39m
[38;5;0m[HTTP][0m [90m{}[39m
[38;5;0m[HTTP][0m [37m<-- GET /wd/hub/session/87acfea7-581b-429a-a07c-135fe8355233/screenshot [39m[32m200[39m [90m374 ms - 227912[39m
[38;5;0m[HTTP][0m [90m[39m
[38;5;0m[HTTP][0m [37m-->[39m [37mPOST[39m [37m/wd/hub/session/87acfea7-581b-429a-a07c-135fe8355233/elements[39m
[38;5;0m[HTTP][0m [90m{"using":"xpath","value":"//*[@class = 'android.widget.TextView' and (@text = 'Please enter a valid email address' or . = 'Please enter a valid email address')]"}[39m
[38;5;0m[HTTP][0m [37m<-- POST /wd/hub/session/87acfea7-581b-429a-a07c-135fe8355233/elements [39m[32m200[39m [90m509 ms - 139[39m
[38;5;0m[HTTP][0m [90m[39m
[38;5;0m[HTTP][0m [37m-->[39m [37mGET[39m [37m/wd/hub/session/87acfea7-581b-429a-a07c-135fe8355233/window/rect[39m
[38;5;0m[HTTP][0m [90m{}[39m
[38;5;0m[HTTP][0m [37m<-- GET /wd/hub/session/87acfea7-581b-429a-a07c-135fe8355233/window/rect [39m[32m200[39m [90m11 ms - 50[39m
[38;5;0m[HTTP][0m [90m[39m
[38;5;0m[HTTP][0m [37m-->[39m [37mPOST[39m [37m/wd/hub/session/87acfea7-581b-429a-a07c-135fe8355233/elements[39m
[38;5;0m[HTTP][0m [90m{"using":"xpath","value":"//*[@class = 'android.widget.TextView' and (@text = 'Please enter a valid email address' or . = 'Please enter a valid email address')]"}[39m
[38;5;0m[HTTP][0m [37m<-- POST /wd/hub/session/87acfea7-581b-429a-a07c-135fe8355233/elements [39m[32m200[39m [90m439 ms - 139[39m
[38;5;0m[HTTP][0m [90m[39m
[38;5;0m[HTTP][0m [37m-->[39m [37mGET[39m [37m/wd/hub/session/87acfea7-581b-429a-a07c-135fe8355233/element/00000000-0000-01a7-ffff-ffff0000005d/location[39m
[38;5;0m[HTTP][0m [90m{}[39m
[38;5;48m[AndroidUiautomator2Driver@b859 (87acfea7)][0m Driver proxy active, passing request on via HTTP proxy
[38;5;48m[AndroidUiautomator2Driver@b859 (87acfea7)][0m Replacing sessionId 876ca547-5fdc-4545-8705-121d3f21fe4e with 87acfea7-581b-429a-a07c-135fe8355233
[38;5;0m[HTTP][0m [37m<-- GET /wd/hub/session/87acfea7-581b-429a-a07c-135fe8355233/element/00000000-0000-01a7-ffff-ffff0000005d/location [39m[32m200[39m [90m26 ms - 78[39m
[38;5;0m[HTTP][0m [90m[39m
[38;5;0m[HTTP][0m [37m-->[39m [37mGET[39m [37m/wd/hub/session/87acfea7-581b-429a-a07c-135fe8355233/element/00000000-0000-01a7-ffff-ffff0000005d/text[39m
[38;5;0m[HTTP][0m [90m{}[39m
[38;5;48m[AndroidUiautomator2Driver@b859 (87acfea7)][0m Driver proxy active, passing request on via HTTP proxy
[38;5;48m[AndroidUiautomator2Driver@b859 (87acfea7)][0m Replacing sessionId 876ca547-5fdc-4545-8705-121d3f21fe4e with 87acfea7-581b-429a-a07c-135fe8355233
[38;5;0m[HTTP][0m [37m<-- GET /wd/hub/session/87acfea7-581b-429a-a07c-135fe8355233/element/00000000-0000-01a7-ffff-ffff0000005d/text [39m[32m200[39m [90m29 ms - 97[39m
[38;5;0m[HTTP][0m [90m[39m
[38;5;0m[HTTP][0m [37m-->[39m [37mGET[39m [37m/wd/hub/session/87acfea7-581b-429a-a07c-135fe8355233/source[39m
[38;5;0m[HTTP][0m [90m{}[39m
[38;5;48m[AndroidUiautomator2Driver@b859 (87acfea7)][0m Driver proxy active, passing request on via HTTP proxy
[38;5;48m[AndroidUiautomator2Driver@b859 (87acfea7)][0m Replacing sessionId 876ca547-5fdc-4545-8705-121d3f21fe4e with 87acfea7-581b-429a-a07c-135fe8355233
[38;5;0m[HTTP][0m [37m<-- GET /wd/hub/session/87acfea7-581b-429a-a07c-135fe8355233/source [39m[32m200[39m [90m591 ms - 27337[39m
[38;5;0m[HTTP][0m [90m[39m
[38;5;0m[HTTP][0m [37m-->[39m [37mGET[39m [37m/wd/hub/session/87acfea7-581b-429a-a07c-135fe8355233/screenshot[39m
[38;5;0m[HTTP][0m [90m{}[39m
[38;5;0m[HTTP][0m [37m<-- GET /wd/hub/session/87acfea7-581b-429a-a07c-135fe8355233/screenshot [39m[32m200[39m [90m408 ms - 227912[39m
[38;5;0m[HTTP][0m [90m[39m
[38;5;0m[HTTP][0m [37m-->[39m [37mDELETE[39m [37m/wd/hub/session/87acfea7-581b-429a-a07c-135fe8355233[39m
[38;5;0m[HTTP][0m [90m{}[39m
[38;5;16m[AppiumDriver@5665][0m Removing session 87acfea7-581b-429a-a07c-135fe8355233 from our master session list
[38;5;48m[AndroidUiautomator2Driver@b859 (87acfea7)][0m Restoring hidden api policy to the device default configuration
[38;5;0m[HTTP][0m [37m<-- DELETE /wd/hub/session/87acfea7-581b-429a-a07c-135fe8355233 [39m[32m200[39m [90m334 ms - 14[39m
[38;5;0m[HTTP][0m [90m[39m
